c:\users\andre\documents\purdue\ay19-1\cs535\cs535\x64\release\vc141.pdb
c:\users\andre\documents\purdue\ay19-1\cs535\cs535\x64\release\v3.obj
c:\users\andre\documents\purdue\ay19-1\cs535\cs535\x64\release\tm.obj
c:\users\andre\documents\purdue\ay19-1\cs535\cs535\x64\release\aabb.obj
c:\users\andre\documents\purdue\ay19-1\cs535\cs535\x64\release\scene.obj
c:\users\andre\documents\purdue\ay19-1\cs535\cs535\x64\release\ppc.obj
c:\users\andre\documents\purdue\ay19-1\cs535\cs535\x64\release\mipmap.obj
c:\users\andre\documents\purdue\ay19-1\cs535\cs535\x64\release\m33.obj
c:\users\andre\documents\purdue\ay19-1\cs535\cs535\x64\release\gui.obj
c:\users\andre\documents\purdue\ay19-1\cs535\cs535\x64\release\gfb.obj
c:\users\andre\documents\purdue\ay19-1\cs535\cs535\x64\release\cubemap.obj
c:\users\andre\documents\purdue\ay19-1\cs535\cs535\x64\release\cginterface.obj
c:\users\andre\documents\purdue\ay19-1\cs535\cs535\x64\release\framebuffer.obj
c:\users\andre\documents\purdue\ay19-1\cs535\cs535\x64\release\cs535.lib
c:\users\andre\documents\purdue\ay19-1\cs535\cs535\x64\release\cs535.exp
c:\users\andre\documents\purdue\ay19-1\cs535\cs535\x64\release\cs535.ipdb
c:\users\andre\documents\purdue\ay19-1\cs535\cs535\x64\release\cs535.iobj
c:\users\andre\documents\purdue\ay19-1\cs535\cs535\.cxx
c:\users\andre\documents\purdue\ay19-1\cs535\cs535\x64\release\cs535.exe
c:\users\andre\documents\purdue\ay19-1\cs535\cs535\x64\release\cs535.pdb
c:\users\andre\documents\purdue\ay19-1\cs535\cs535\x64\release\cs535.tlog\cl.command.1.tlog
c:\users\andre\documents\purdue\ay19-1\cs535\cs535\x64\release\cs535.tlog\cl.read.1.tlog
c:\users\andre\documents\purdue\ay19-1\cs535\cs535\x64\release\cs535.tlog\cl.write.1.tlog
c:\users\andre\documents\purdue\ay19-1\cs535\cs535\x64\release\cs535.tlog\cs535.write.1u.tlog
c:\users\andre\documents\purdue\ay19-1\cs535\cs535\x64\release\cs535.tlog\custombuild.command.1.tlog
c:\users\andre\documents\purdue\ay19-1\cs535\cs535\x64\release\cs535.tlog\custombuild.read.1.tlog
c:\users\andre\documents\purdue\ay19-1\cs535\cs535\x64\release\cs535.tlog\custombuild.write.1.tlog
c:\users\andre\documents\purdue\ay19-1\cs535\cs535\x64\release\cs535.tlog\link.command.1.tlog
c:\users\andre\documents\purdue\ay19-1\cs535\cs535\x64\release\cs535.tlog\link.read.1.tlog
c:\users\andre\documents\purdue\ay19-1\cs535\cs535\x64\release\cs535.tlog\link.write.1.tlog
