c:\users\andre\documents\purdue\ay19-1\cs535\cs535\x64\debug\vc141.pdb
c:\users\andre\documents\purdue\ay19-1\cs535\cs535\x64\debug\vc141.idb
c:\users\andre\documents\purdue\ay19-1\cs535\cs535\x64\debug\v3.obj
c:\users\andre\documents\purdue\ay19-1\cs535\cs535\x64\debug\tm.obj
c:\users\andre\documents\purdue\ay19-1\cs535\cs535\x64\debug\aabb.obj
c:\users\andre\documents\purdue\ay19-1\cs535\cs535\x64\debug\scene.obj
c:\users\andre\documents\purdue\ay19-1\cs535\cs535\x64\debug\ppc.obj
c:\users\andre\documents\purdue\ay19-1\cs535\cs535\x64\debug\mipmap.obj
c:\users\andre\documents\purdue\ay19-1\cs535\cs535\x64\debug\m33.obj
c:\users\andre\documents\purdue\ay19-1\cs535\cs535\x64\debug\gui.obj
c:\users\andre\documents\purdue\ay19-1\cs535\cs535\x64\debug\framebuffer.obj
c:\users\andre\documents\purdue\ay19-1\cs535\cs535\x64\debug\cs535.lib
c:\users\andre\documents\purdue\ay19-1\cs535\cs535\x64\debug\cs535.exp
c:\users\andre\documents\purdue\ay19-1\cs535\cs535\.cxx
c:\users\andre\documents\purdue\ay19-1\cs535\cs535\x64\debug\cs535.exe
c:\users\andre\documents\purdue\ay19-1\cs535\cs535\x64\debug\cs535.ilk
c:\users\andre\documents\purdue\ay19-1\cs535\cs535\x64\debug\cs535.pdb
c:\users\andre\documents\purdue\ay19-1\cs535\cs535\x64\debug\cubemap.obj
c:\users\andre\documents\purdue\ay19-1\cs535\cs535\x64\debug\cs535.tlog\cl.command.1.tlog
c:\users\andre\documents\purdue\ay19-1\cs535\cs535\x64\debug\cs535.tlog\cl.read.1.tlog
c:\users\andre\documents\purdue\ay19-1\cs535\cs535\x64\debug\cs535.tlog\cl.write.1.tlog
c:\users\andre\documents\purdue\ay19-1\cs535\cs535\x64\debug\cs535.tlog\cs535.write.1u.tlog
c:\users\andre\documents\purdue\ay19-1\cs535\cs535\x64\debug\cs535.tlog\custombuild.command.1.tlog
c:\users\andre\documents\purdue\ay19-1\cs535\cs535\x64\debug\cs535.tlog\custombuild.read.1.tlog
c:\users\andre\documents\purdue\ay19-1\cs535\cs535\x64\debug\cs535.tlog\custombuild.write.1.tlog
c:\users\andre\documents\purdue\ay19-1\cs535\cs535\x64\debug\cs535.tlog\link.command.1.tlog
c:\users\andre\documents\purdue\ay19-1\cs535\cs535\x64\debug\cs535.tlog\link.read.1.tlog
c:\users\andre\documents\purdue\ay19-1\cs535\cs535\x64\debug\cs535.tlog\link.write.1.tlog
